2025-10-27 13:44:29,722 - INFO - Dataset loaded successfully.
2025-10-27 13:44:29,722 - INFO - Shape: (891, 12)
2025-10-27 13:44:29,728 - INFO - Training samples: 571, Test samples: 143
2025-10-27 13:44:29,728 - INFO - Starting training...
2025-10-27 13:44:29,744 - INFO - Training complete.
2025-10-27 13:44:29,746 - INFO - Accuracy: 0.75
2025-10-27 13:44:29,746 - INFO - F1 Score: 0.67
2025-10-27 13:44:29,746 - INFO - Confusion Matrix: [[71, 16], [20, 36]]
2025-10-27 13:44:29,746 - INFO - TP: 36, TN: 71, FP: 16, FN: 20
2025-10-27 13:44:29,746 - INFO - Model coefficients: [[-1.2079889531674926, 2.6109070086035144, -0.04852361644774037, -0.35231017607142656, -0.05812909996824075, 0.0021430828478381236]]
2025-10-27 13:44:29,746 - INFO - Model intercept: [2.8280431148871785]
2025-10-27 13:44:29,746 - INFO - Model evaluation completed.
2025-10-27 13:55:34,432 - INFO - Dataset loaded successfully.
2025-10-27 13:55:34,433 - INFO - Shape: (891, 12)
2025-10-27 13:55:34,437 - INFO - Training samples: 571, Test samples: 143
2025-10-27 13:55:34,437 - INFO - Starting training...
2025-10-27 13:55:34,446 - INFO - Training complete.
2025-10-27 13:55:34,448 - INFO - Accuracy: 0.75
2025-10-27 13:55:34,448 - INFO - F1 Score: 0.67
2025-10-27 13:55:34,448 - INFO - Confusion Matrix: [[71, 16], [20, 36]]
2025-10-27 13:55:34,448 - INFO - TP: 36, TN: 71, FP: 16, FN: 20
2025-10-27 13:55:34,448 - INFO - Model coefficients: [[-1.2079889531674926, 2.6109070086035144, -0.04852361644774037, -0.35231017607142656, -0.05812909996824075, 0.0021430828478381236]]
2025-10-27 13:55:34,448 - INFO - Model intercept: [2.8280431148871785]
2025-10-27 13:55:34,448 - INFO - Model evaluation completed.
2025-10-27 14:33:39,626 - INFO - Dataset loaded successfully.
2025-10-27 14:33:39,627 - INFO - Shape: (891, 12)
2025-10-27 14:33:39,631 - INFO - Training samples: 571, Test samples: 143
2025-10-27 14:33:39,637 - INFO - Starting training...
2025-10-27 14:33:39,646 - INFO - Training complete.
2025-10-27 14:33:39,648 - INFO - Accuracy: 0.75
2025-10-27 14:33:39,648 - INFO - F1 Score: 0.67
2025-10-27 14:33:39,648 - INFO - Confusion Matrix: [[71, 16], [20, 36]]
2025-10-27 14:33:39,648 - INFO - TP: 36, TN: 71, FP: 16, FN: 20
2025-10-27 14:33:39,648 - INFO - Model coefficients: [[-1.2079889531674926, 2.6109070086035144, -0.04852361644774037, -0.35231017607142656, -0.05812909996824075, 0.0021430828478381236]]
2025-10-27 14:33:39,648 - INFO - Model intercept: [2.8280431148871785]
2025-10-27 14:33:39,648 - INFO - Model evaluation completed.
